<?xml version="1.0" encoding="UTF-8"?>
<!-- Generated by org.testng.reporters.JUnitReportReporter -->
<testsuite name="com.puma.Script.AddProductTest" tests="1" failures="0" timestamp="9 May 2018 05:28:45 GMT" time="128.619" errors="0">
  <testcase name="addProduct" time="128.619" classname="com.puma.Script.AddProductTest"/>
</testsuite> <!-- com.puma.Script.AddProductTest -->
